2023-04-17 22:50:23.828 [main] INFO  ClientModule - Запуск DatagramChannel
2023-04-17 22:50:23.839 [main] INFO  KoinStarter - Начало программы
2023-04-17 22:50:26.127 [main] INFO  KoinStarter - Запуск команды: show
2023-04-17 22:50:26.127 [main] INFO  Tokenizator - Начала запуска команды по шаблону listOfNo
2023-04-17 22:50:26.142 [main] INFO  ClientModule - Запрос отправлен
2023-04-17 22:50:29.159 [main] INFO  ClientModule - Ответ от сервера не получен
2023-04-17 22:50:32.742 [main] INFO  KoinStarter - Запуск команды: exit
2023-04-17 22:50:32.742 [main] INFO  Tokenizator - Начала запуска команды по шаблону listOfNo
2023-04-17 22:50:32.743 [main] INFO  ClientModule - Остановка DatagramChannel
2023-04-17 23:28:38.539 [main] INFO  ServerModuleGet - Запуск сервера
2023-04-17 23:28:45.644 [main] INFO  ClientModule - Запуск DatagramChannel
2023-04-17 23:28:45.649 [main] INFO  KoinStarter - Начало программы
2023-04-17 23:29:16.859 [main] INFO  KoinStarter - Запуск команды: show
2023-04-17 23:29:16.860 [main] INFO  Tokenizator - Начала запуска команды по шаблону listOfNo
2023-04-17 23:29:16.871 [main] INFO  ClientModule - Запрос отправлен
2023-04-17 23:29:19.882 [main] INFO  ClientModule - Ответ от сервера не получен
2023-04-17 23:29:59.029 [main] INFO  ServerModuleGet - Запуск сервера
2023-04-17 23:30:12.360 [main] INFO  ClientModule - Запуск DatagramChannel
2023-04-17 23:30:12.367 [main] INFO  KoinStarter - Начало программы
2023-04-17 23:30:14.396 [main] INFO  KoinStarter - Запуск команды: show
2023-04-17 23:30:14.396 [main] INFO  Tokenizator - Начала запуска команды по шаблону listOfNo
2023-04-17 23:30:14.408 [main] INFO  ClientModule - Запрос отправлен
2023-04-17 23:30:14.422 [main] INFO  ServerModule - Получена команда: show
2023-04-17 23:30:14.466 [main] INFO  ServerModule - Отправлен результат
2023-04-17 23:30:14.467 [main] INFO  ClientModule - Получен ответ от сервера
2023-04-17 23:30:21.597 [main] INFO  KoinStarter - Запуск команды: add
2023-04-17 23:30:21.597 [main] INFO  Tokenizator - Начала запуска команды по шаблону listOfAdd
2023-04-17 23:30:26.312 [main] INFO  ClientModule - Запрос отправлен
2023-04-17 23:30:26.344 [main] INFO  ServerModule - Получена команда: add
2023-04-17 23:30:26.347 [main] INFO  ServerModule - Отправлен результат
2023-04-17 23:30:26.348 [main] INFO  ClientModule - Получен ответ от сервера
2023-04-17 23:30:28.332 [main] INFO  KoinStarter - Запуск команды: show
2023-04-17 23:30:28.332 [main] INFO  Tokenizator - Начала запуска команды по шаблону listOfNo
2023-04-17 23:30:28.333 [main] INFO  ClientModule - Запрос отправлен
2023-04-17 23:30:28.333 [main] INFO  ServerModule - Получена команда: show
2023-04-17 23:30:28.334 [main] INFO  ServerModule - Отправлен результат
2023-04-17 23:30:28.334 [main] INFO  ClientModule - Получен ответ от сервера
2023-04-17 23:30:31.310 [main] INFO  KoinStarter - Запуск команды: clear
2023-04-17 23:30:31.310 [main] INFO  Tokenizator - Начала запуска команды по шаблону listOfNo
2023-04-17 23:30:31.310 [main] INFO  ClientModule - Запрос отправлен
2023-04-17 23:30:31.310 [main] INFO  ServerModule - Получена команда: clear
2023-04-17 23:30:31.312 [main] INFO  ServerModule - Отправлен результат
2023-04-17 23:30:31.312 [main] INFO  ClientModule - Получен ответ от сервера
2023-04-17 23:30:33.663 [main] INFO  KoinStarter - Запуск команды: show
2023-04-17 23:30:33.663 [main] INFO  Tokenizator - Начала запуска команды по шаблону listOfNo
2023-04-17 23:30:33.664 [main] INFO  ClientModule - Запрос отправлен
2023-04-17 23:30:33.664 [main] INFO  ServerModule - Получена команда: show
2023-04-17 23:30:33.665 [main] INFO  ServerModule - Отправлен результат
2023-04-17 23:30:33.666 [main] INFO  ClientModule - Получен ответ от сервера
2023-04-17 23:30:38.096 [main] INFO  KoinStarter - Запуск команды: exitserver
2023-04-17 23:30:38.097 [main] INFO  Tokenizator - Неверная команда
2023-04-17 23:30:50.024 [main] INFO  KoinStarter - Запуск команды: exit_server
2023-04-17 23:30:50.024 [main] INFO  Tokenizator - Начала запуска команды по шаблону listOfNo
2023-04-17 23:30:50.025 [main] INFO  ClientModule - Запрос отправлен
2023-04-17 23:30:50.025 [main] INFO  ServerModule - Получена команда: exit_server
2023-04-17 23:30:53.028 [main] INFO  ClientModule - Ответ от сервера не получен
2023-04-17 23:31:13.400 [main] INFO  KoinStarter - Запуск команды: exit
2023-04-17 23:31:13.400 [main] INFO  Tokenizator - Начала запуска команды по шаблону listOfNo
2023-04-17 23:31:13.400 [main] INFO  ClientModule - Остановка DatagramChannel
2023-04-18 01:53:15.558 [main] INFO  ClientModule - Запуск DatagramChannel
2023-04-18 01:53:15.567 [main] INFO  KoinStarter - Начало программы
2023-04-18 01:53:27.653 [main] INFO  ServerModuleGet - Запуск сервера
2023-04-18 01:53:36.841 [main] INFO  KoinStarter - Запуск команды: show
2023-04-18 01:53:36.841 [main] INFO  Tokenizator - Начала запуска команды по шаблону listOfNo
2023-04-18 01:53:36.854 [main] INFO  ClientModule - Запрос отправлен
2023-04-18 01:53:36.867 [main] INFO  ServerModule - Получена команда: show
2023-04-18 01:53:36.962 [main] INFO  ServerModule - Отправлен результат
2023-04-18 01:53:36.962 [main] INFO  ClientModule - Получен ответ от сервера
2023-04-18 01:54:36.763 [main] INFO  KoinStarter - Запуск команды: add
2023-04-18 01:54:36.763 [main] INFO  Tokenizator - Начала запуска команды по шаблону listOfObject
2023-04-18 01:55:09.403 [main] INFO  ClientModule - Запрос отправлен
2023-04-18 01:55:09.420 [main] INFO  ServerModule - Получена команда: add
2023-04-18 01:55:09.422 [main] INFO  ServerModule - Отправлен результат
2023-04-18 01:55:09.423 [main] INFO  ClientModule - Получен ответ от сервера
2023-04-18 01:55:31.723 [main] INFO  KoinStarter - Запуск команды: update_id
2023-04-18 01:55:31.723 [main] INFO  Tokenizator - Начала запуска команды по шаблону listOfObjectPlus
2023-04-18 01:56:08.730 [main] INFO  ClientModule - Запрос отправлен
2023-04-18 01:56:08.731 [main] INFO  ServerModule - Получена команда: update_id
2023-04-18 01:56:08.732 [main] INFO  ServerModule - Отправлен результат
2023-04-18 01:56:08.733 [main] INFO  ClientModule - Получен ответ от сервера
2023-04-18 01:56:22.198 [main] INFO  KoinStarter - Запуск команды: show
2023-04-18 01:56:22.198 [main] INFO  Tokenizator - Начала запуска команды по шаблону listOfNo
2023-04-18 01:56:22.199 [main] INFO  ClientModule - Запрос отправлен
2023-04-18 01:56:22.199 [main] INFO  ServerModule - Получена команда: show
2023-04-18 01:56:22.201 [main] INFO  ServerModule - Отправлен результат
2023-04-18 01:56:22.201 [main] INFO  ClientModule - Получен ответ от сервера
2023-04-18 01:56:38.529 [main] INFO  KoinStarter - Запуск команды: upadte_id
2023-04-18 01:56:38.529 [main] INFO  Tokenizator - Неверная команда
2023-04-18 01:56:45.343 [main] INFO  KoinStarter - Запуск команды: update_id
2023-04-18 01:56:45.343 [main] INFO  Tokenizator - Начала запуска команды по шаблону listOfObjectPlus
2023-04-18 01:56:55.963 [main] INFO  ClientModule - Запрос отправлен
2023-04-18 01:56:55.964 [main] INFO  ServerModule - Получена команда: update_id
2023-04-18 01:56:55.965 [main] INFO  ServerModule - Отправлен результат
2023-04-18 01:56:55.966 [main] INFO  ClientModule - Получен ответ от сервера
2023-04-18 01:56:59.715 [main] INFO  KoinStarter - Запуск команды: show
2023-04-18 01:56:59.715 [main] INFO  Tokenizator - Начала запуска команды по шаблону listOfNo
2023-04-18 01:56:59.715 [main] INFO  ClientModule - Запрос отправлен
2023-04-18 01:56:59.715 [main] INFO  ServerModule - Получена команда: show
2023-04-18 01:56:59.716 [main] INFO  ServerModule - Отправлен результат
2023-04-18 01:56:59.717 [main] INFO  ClientModule - Получен ответ от сервера
2023-04-18 02:09:07.897 [main] INFO  ServerModuleGet - Запуск сервера
2023-04-18 02:09:23.766 [main] INFO  ClientModule - Запуск DatagramChannel
2023-04-18 02:09:23.771 [main] INFO  KoinStarter - Начало программы
2023-04-18 02:10:42.704 [main] INFO  KoinStarter - Запуск команды: show
2023-04-18 02:10:42.705 [main] INFO  Tokenizator - Начала запуска команды по шаблону listOfNo
2023-04-18 02:10:42.716 [main] INFO  ClientModule - Запрос отправлен
2023-04-18 02:10:42.732 [main] INFO  ServerModule - Получена команда: show
2023-04-18 02:10:42.742 [main] INFO  ServerModule - Отправлен результат
2023-04-18 02:10:42.743 [main] INFO  ClientModule - Получен ответ от сервера
2023-04-18 02:10:44.555 [main] INFO  KoinStarter - Запуск команды: add
2023-04-18 02:10:44.555 [main] INFO  Tokenizator - Начала запуска команды по шаблону listOfObject
2023-04-18 02:10:51.135 [main] INFO  ClientModule - Запрос отправлен
2023-04-18 02:10:51.138 [main] INFO  ServerModule - Получена команда: add
2023-04-18 02:10:51.142 [main] INFO  ServerModule - Отправлен результат
2023-04-18 02:10:51.142 [main] INFO  ClientModule - Получен ответ от сервера
2023-04-18 02:10:54.300 [main] INFO  KoinStarter - Запуск команды: show
2023-04-18 02:10:54.300 [main] INFO  Tokenizator - Начала запуска команды по шаблону listOfNo
2023-04-18 02:10:54.300 [main] INFO  ClientModule - Запрос отправлен
2023-04-18 02:10:54.301 [main] INFO  ServerModule - Получена команда: show
2023-04-18 02:10:54.301 [main] INFO  ServerModule - Отправлен результат
2023-04-18 02:10:54.302 [main] INFO  ClientModule - Получен ответ от сервера
2023-04-18 02:10:59.090 [main] INFO  KoinStarter - Запуск команды: update_id
2023-04-18 02:10:59.091 [main] INFO  Tokenizator - Начала запуска команды по шаблону listOfObjectPlus
2023-04-18 02:11:30.236 [main] INFO  ClientModule - Запрос отправлен
2023-04-18 02:11:30.236 [main] INFO  ServerModule - Получена команда: update_id
2023-04-18 02:11:30.238 [main] INFO  ServerModule - Отправлен результат
2023-04-18 02:11:30.238 [main] INFO  ClientModule - Получен ответ от сервера
2023-04-18 02:11:34.721 [main] INFO  KoinStarter - Запуск команды: show
2023-04-18 02:11:34.721 [main] INFO  Tokenizator - Начала запуска команды по шаблону listOfNo
2023-04-18 02:11:34.721 [main] INFO  ClientModule - Запрос отправлен
2023-04-18 02:11:34.722 [main] INFO  ServerModule - Получена команда: show
2023-04-18 02:11:34.723 [main] INFO  ServerModule - Отправлен результат
2023-04-18 02:11:34.724 [main] INFO  ClientModule - Получен ответ от сервера
2023-04-18 02:11:39.516 [main] INFO  KoinStarter - Запуск команды: clear
2023-04-18 02:11:39.516 [main] INFO  Tokenizator - Начала запуска команды по шаблону listOfNo
2023-04-18 02:11:39.516 [main] INFO  ClientModule - Запрос отправлен
2023-04-18 02:11:39.517 [main] INFO  ServerModule - Получена команда: clear
2023-04-18 02:11:39.518 [main] INFO  ServerModule - Отправлен результат
2023-04-18 02:11:39.519 [main] INFO  ClientModule - Получен ответ от сервера
2023-04-18 02:11:42.382 [main] INFO  KoinStarter - Запуск команды: show
2023-04-18 02:11:42.383 [main] INFO  Tokenizator - Начала запуска команды по шаблону listOfNo
2023-04-18 02:11:42.383 [main] INFO  ClientModule - Запрос отправлен
2023-04-18 02:11:42.383 [main] INFO  ServerModule - Получена команда: show
2023-04-18 02:11:42.384 [main] INFO  ServerModule - Отправлен результат
2023-04-18 02:11:42.385 [main] INFO  ClientModule - Получен ответ от сервера
2023-04-18 02:11:47.812 [main] INFO  KoinStarter - Запуск команды: exit_server
2023-04-18 02:11:47.812 [main] INFO  Tokenizator - Начала запуска команды по шаблону listOfNo
2023-04-18 02:11:47.812 [main] INFO  ClientModule - Запрос отправлен
2023-04-18 02:11:47.813 [main] INFO  ServerModule - Получена команда: exit_server
2023-04-18 02:11:50.821 [main] INFO  ClientModule - Ответ от сервера не получен
2023-04-18 02:11:55.383 [main] INFO  KoinStarter - Запуск команды: exit
2023-04-18 02:11:55.383 [main] INFO  Tokenizator - Начала запуска команды по шаблону listOfNo
2023-04-18 02:11:55.383 [main] INFO  ClientModule - Остановка DatagramChannel
2023-04-18 20:33:47.056 [main] INFO  ClientModule - Запуск DatagramChannel
2023-04-18 20:33:47.952 [main] INFO  KoinStarter - Начало программы
2023-04-18 20:33:56.785 [main] INFO  KoinStarter - Запуск команды: exit
2023-04-18 20:33:56.786 [main] INFO  Tokenizator - Неверная команда
2023-04-18 21:03:56.480 [main] INFO  ClientModule - Запуск DatagramChannel
2023-04-18 21:03:56.489 [main] INFO  KoinStarter - Начало программы
2023-04-18 22:20:18.848 [main] INFO  ServerModuleGet - Запуск сервера
2023-04-18 22:20:36.148 [main] INFO  KoinStarter - Запуск команды: update_command
2023-04-18 22:20:36.162 [main] INFO  Tokenizator - Неверная команда
2023-04-18 23:46:39.295 [main] INFO  ClientModule - Запуск DatagramChannel
2023-04-18 23:46:39.304 [main] INFO  KoinStarter - Начало программы
2023-04-18 23:46:39.314 [main] INFO  Tokenizator - Начала запуска команды по шаблону listOfNo
2023-04-18 23:46:39.392 [main] INFO  ClientModule - Запрос отправлен
2023-04-18 23:46:42.428 [main] INFO  ClientModule - Ответ от сервера не получен
2023-04-18 23:48:06.867 [main] INFO  ServerModuleGet - Запуск сервера
2023-04-18 23:48:20.048 [main] INFO  ClientModule - Запуск DatagramChannel
2023-04-18 23:48:20.055 [main] INFO  KoinStarter - Начало программы
2023-04-18 23:48:20.069 [main] INFO  Tokenizator - Начала запуска команды по шаблону listOfNo
2023-04-18 23:48:20.082 [main] INFO  ClientModule - Запрос отправлен
2023-04-18 23:48:20.100 [main] INFO  ServerModule - Получена команда: update_command
2023-04-18 23:48:20.150 [main] INFO  ServerModule - Отправлен результат
2023-04-18 23:48:20.151 [main] INFO  ClientModule - Получен ответ от сервера
2023-04-18 23:49:19.129 [main] INFO  ServerModuleGet - Запуск сервера
2023-04-18 23:49:27.751 [main] INFO  KoinStarter - Запуск команды: update_command
2023-04-18 23:49:27.751 [main] INFO  Tokenizator - Начала запуска команды по шаблону listOfNo
2023-04-18 23:49:27.752 [main] INFO  ClientModule - Запрос отправлен
2023-04-18 23:49:27.765 [main] INFO  ServerModule - Получена команда: update_command
2023-04-18 23:49:27.778 [main] INFO  ServerModule - Отправлен результат
2023-04-18 23:49:27.779 [main] INFO  ClientModule - Получен ответ от сервера
2023-04-18 23:49:39.753 [main] INFO  KoinStarter - Запуск команды: show
2023-04-18 23:49:39.754 [main] INFO  Tokenizator - Начала запуска команды по шаблону listOfNo
2023-04-18 23:49:39.754 [main] INFO  ClientModule - Запрос отправлен
2023-04-18 23:49:39.754 [main] INFO  ServerModule - Получена команда: show
2023-04-18 23:49:39.772 [main] INFO  ServerModule - Отправлен результат
2023-04-18 23:49:39.773 [main] INFO  ClientModule - Получен ответ от сервера
2023-04-18 23:50:19.461 [main] INFO  KoinStarter - Запуск команды: update_command
2023-04-18 23:50:19.461 [main] INFO  Tokenizator - Начала запуска команды по шаблону listOfNo
2023-04-18 23:50:19.462 [main] INFO  ClientModule - Запрос отправлен
2023-04-18 23:50:19.463 [main] INFO  ServerModule - Получена команда: update_command
2023-04-18 23:50:19.464 [main] INFO  ServerModule - Отправлен результат
2023-04-18 23:50:19.464 [main] INFO  ClientModule - Получен ответ от сервера
2023-04-18 23:50:40.315 [main] INFO  KoinStarter - Запуск команды: update_command
2023-04-18 23:50:40.315 [main] INFO  Tokenizator - Начала запуска команды по шаблону listOfNo
2023-04-18 23:50:40.316 [main] INFO  ClientModule - Запрос отправлен
2023-04-18 23:50:40.316 [main] INFO  ServerModule - Получена команда: update_command
2023-04-18 23:50:40.317 [main] INFO  ServerModule - Отправлен результат
2023-04-18 23:50:40.317 [main] INFO  ClientModule - Получен ответ от сервера
2023-04-20 23:47:10.363 [main] INFO  ServerModuleGet - Запуск сервера
2023-04-20 23:47:18.950 [main] INFO  ClientModule - Запуск DatagramChannel
2023-04-20 23:47:18.954 [main] INFO  KoinStarter - Начало программы
2023-04-20 23:47:18.974 [main] INFO  Tokenizator - Начала запуска команды по шаблону listOfNo
2023-04-20 23:47:18.984 [main] INFO  ClientModule - Запрос отправлен
2023-04-20 23:47:18.994 [main] INFO  ServerModule - Получена команда: update_command
2023-04-20 23:47:19.003 [main] INFO  ServerModule - Отправлен результат
2023-04-20 23:47:19.003 [main] INFO  ClientModule - Получен ответ от сервера
2023-04-20 23:47:30.712 [main] INFO  KoinStarter - Запуск команды: show
2023-04-20 23:47:30.712 [main] INFO  Tokenizator - Начала запуска команды по шаблону listOfNo
2023-04-20 23:47:30.712 [main] INFO  ClientModule - Запрос отправлен
2023-04-20 23:47:30.713 [main] INFO  ServerModule - Получена команда: show
2023-04-20 23:47:30.714 [main] INFO  ServerModule - Отправлен результат
2023-04-20 23:47:30.714 [main] INFO  ClientModule - Получен ответ от сервера
2023-04-20 23:47:33.169 [main] INFO  KoinStarter - Запуск команды: add
2023-04-20 23:47:33.169 [main] INFO  Tokenizator - Начала запуска команды по шаблону listOfObject
2023-04-20 23:47:37.568 [main] INFO  ClientModule - Запрос отправлен
2023-04-20 23:47:37.569 [main] INFO  ServerModule - Получена команда: add
2023-04-20 23:47:37.572 [main] INFO  ServerModule - Отправлен результат
2023-04-20 23:47:37.572 [main] INFO  ClientModule - Получен ответ от сервера
2023-04-20 23:47:39.427 [main] INFO  KoinStarter - Запуск команды: load
2023-04-20 23:47:39.427 [main] INFO  Tokenizator - Неверная команда
2023-04-20 23:47:45.853 [main] INFO  KoinStarter - Запуск команды: load
2023-04-20 23:47:45.853 [main] INFO  Tokenizator - Неверная команда
2023-04-20 23:49:06.281 [main] INFO  ClientModule - Запуск DatagramChannel
2023-04-20 23:49:06.286 [main] INFO  KoinStarter - Начало программы
2023-04-20 23:49:06.294 [main] INFO  Tokenizator - Начала запуска команды по шаблону listOfNo
2023-04-20 23:49:06.303 [main] INFO  ClientModule - Запрос отправлен
2023-04-20 23:49:06.304 [main] INFO  ServerModule - Получена команда: update_command
2023-04-20 23:49:06.305 [main] INFO  ServerModule - Отправлен результат
2023-04-20 23:49:06.312 [main] INFO  ClientModule - Получен ответ от сервера
2023-04-20 23:49:08.803 [main] INFO  KoinStarter - Запуск команды: shoiw
2023-04-20 23:49:08.804 [main] INFO  Tokenizator - Неверная команда
2023-04-20 23:49:09.685 [main] INFO  KoinStarter - Запуск команды: show
2023-04-20 23:49:09.685 [main] INFO  Tokenizator - Начала запуска команды по шаблону listOfNo
2023-04-20 23:49:09.685 [main] INFO  ClientModule - Запрос отправлен
2023-04-20 23:49:09.686 [main] INFO  ServerModule - Получена команда: show
2023-04-20 23:49:09.687 [main] INFO  ServerModule - Отправлен результат
2023-04-20 23:49:09.687 [main] INFO  ClientModule - Получен ответ от сервера
2023-04-20 23:49:11.743 [main] INFO  KoinStarter - Запуск команды: load
2023-04-20 23:49:11.743 [main] INFO  Tokenizator - Начала запуска команды по шаблону listOfNo
2023-04-20 23:49:11.743 [main] INFO  ClientModule - Запрос отправлен
2023-04-20 23:49:11.744 [main] INFO  ServerModule - Получена команда: load
2023-04-20 23:49:14.757 [main] INFO  ClientModule - Ответ от сервера не получен
2023-04-20 23:51:53.483 [main] INFO  ServerModuleGet - Запуск сервера
2023-04-20 23:51:57.863 [main] INFO  ClientModule - Запуск DatagramChannel
2023-04-20 23:51:57.867 [main] INFO  KoinStarter - Начало программы
2023-04-20 23:51:57.880 [main] INFO  Tokenizator - Начала запуска команды по шаблону listOfNo
2023-04-20 23:51:57.890 [main] INFO  ClientModule - Запрос отправлен
2023-04-20 23:51:57.901 [main] INFO  ServerModule - Получена команда: update_command
2023-04-20 23:51:57.912 [main] INFO  ServerModule - Отправлен результат
2023-04-20 23:51:57.913 [main] INFO  ClientModule - Получен ответ от сервера
2023-04-20 23:52:10.146 [main] INFO  KoinStarter - Запуск команды: load
2023-04-20 23:52:10.147 [main] INFO  Tokenizator - Начала запуска команды по шаблону listOfNo
2023-04-20 23:52:10.147 [main] INFO  ClientModule - Запрос отправлен
2023-04-20 23:52:10.147 [main] INFO  ServerModule - Получена команда: load
2023-04-20 23:52:10.205 [main] INFO  ServerModule - Отправлен результат
2023-04-20 23:52:10.205 [main] INFO  ClientModule - Получен ответ от сервера
2023-04-20 23:52:12.010 [main] INFO  KoinStarter - Запуск команды: show
2023-04-20 23:52:12.010 [main] INFO  Tokenizator - Начала запуска команды по шаблону listOfNo
2023-04-20 23:52:12.010 [main] INFO  ClientModule - Запрос отправлен
2023-04-20 23:52:12.010 [main] INFO  ServerModule - Получена команда: show
2023-04-20 23:52:12.012 [main] INFO  ServerModule - Отправлен результат
2023-04-20 23:52:12.012 [main] INFO  ClientModule - Получен ответ от сервера
2023-04-20 23:52:14.185 [main] INFO  KoinStarter - Запуск команды: add
2023-04-20 23:52:14.185 [main] INFO  Tokenizator - Начала запуска команды по шаблону listOfObject
2023-04-20 23:52:18.062 [main] INFO  ClientModule - Запрос отправлен
2023-04-20 23:52:18.064 [main] INFO  ServerModule - Получена команда: add
2023-04-20 23:52:18.064 [main] INFO  ServerModule - Отправлен результат
2023-04-20 23:52:18.065 [main] INFO  ClientModule - Получен ответ от сервера
2023-04-20 23:52:22.952 [main] INFO  KoinStarter - Запуск команды: switch
2023-04-20 23:52:22.952 [main] INFO  Tokenizator - Начала запуска команды по шаблону listOfNo
2023-04-20 23:52:22.952 [main] INFO  ClientModule - Запрос отправлен
2023-04-20 23:52:22.952 [main] INFO  ServerModule - Получена команда: switch
2023-04-20 23:52:22.953 [main] INFO  ServerModule - Отправлен результат
2023-04-20 23:52:22.954 [main] INFO  ClientModule - Получен ответ от сервера
2023-04-20 23:52:25.813 [main] INFO  KoinStarter - Запуск команды: info
2023-04-20 23:52:25.813 [main] INFO  Tokenizator - Начала запуска команды по шаблону listOfNo
2023-04-20 23:52:25.813 [main] INFO  ClientModule - Запрос отправлен
2023-04-20 23:52:25.813 [main] INFO  ServerModule - Получена команда: info
2023-04-20 23:52:25.814 [main] INFO  ServerModule - Отправлен результат
2023-04-20 23:52:25.815 [main] INFO  ClientModule - Получен ответ от сервера
2023-04-20 23:52:30.924 [main] INFO  KoinStarter - Запуск команды: save
2023-04-20 23:52:30.924 [main] INFO  Tokenizator - Начала запуска команды по шаблону listOfNo
2023-04-20 23:52:30.925 [main] INFO  ClientModule - Запрос отправлен
2023-04-20 23:52:30.926 [main] INFO  ServerModule - Получена команда: save
2023-04-20 23:52:30.939 [main] INFO  ServerModule - Отправлен результат
2023-04-20 23:52:30.939 [main] INFO  ClientModule - Получен ответ от сервера
2023-04-20 23:52:39.295 [main] INFO  KoinStarter - Запуск команды: switch
2023-04-20 23:52:39.295 [main] INFO  Tokenizator - Начала запуска команды по шаблону listOfNo
2023-04-20 23:52:39.295 [main] INFO  ClientModule - Запрос отправлен
2023-04-20 23:52:39.295 [main] INFO  ServerModule - Получена команда: switch
2023-04-20 23:52:39.296 [main] INFO  ServerModule - Отправлен результат
2023-04-20 23:52:39.296 [main] INFO  ClientModule - Получен ответ от сервера
2023-04-20 23:52:41.246 [main] INFO  KoinStarter - Запуск команды: exit
2023-04-20 23:52:41.246 [main] INFO  Tokenizator - Начала запуска команды по шаблону listOfNo
2023-04-20 23:52:41.246 [main] INFO  ClientModule - Остановка DatagramChannel
2023-04-20 23:53:03.068 [main] INFO  ClientModule - Запуск DatagramChannel
2023-04-20 23:53:03.072 [main] INFO  KoinStarter - Начало программы
2023-04-20 23:53:03.082 [main] INFO  Tokenizator - Начала запуска команды по шаблону listOfNo
2023-04-20 23:53:03.091 [main] INFO  ClientModule - Запрос отправлен
2023-04-20 23:53:03.091 [main] INFO  ServerModule - Получена команда: update_command
2023-04-20 23:53:03.092 [main] INFO  ServerModule - Отправлен результат
2023-04-20 23:53:03.099 [main] INFO  ClientModule - Получен ответ от сервера
2023-04-20 23:53:06.741 [main] INFO  KoinStarter - Запуск команды: show
2023-04-20 23:53:06.741 [main] INFO  Tokenizator - Начала запуска команды по шаблону listOfNo
2023-04-20 23:53:06.741 [main] INFO  ClientModule - Запрос отправлен
2023-04-20 23:53:06.741 [main] INFO  ServerModule - Получена команда: show
2023-04-20 23:53:06.742 [main] INFO  ServerModule - Отправлен результат
2023-04-20 23:53:06.742 [main] INFO  ClientModule - Получен ответ от сервера
2023-04-20 23:53:08.803 [main] INFO  KoinStarter - Запуск команды: load
2023-04-20 23:53:08.804 [main] INFO  Tokenizator - Начала запуска команды по шаблону listOfNo
2023-04-20 23:53:08.804 [main] INFO  ClientModule - Запрос отправлен
2023-04-20 23:53:08.804 [main] INFO  ServerModule - Получена команда: load
2023-04-20 23:53:08.810 [main] INFO  ServerModule - Отправлен результат
2023-04-20 23:53:08.810 [main] INFO  ClientModule - Получен ответ от сервера
2023-04-20 23:53:10.404 [main] INFO  KoinStarter - Запуск команды: info
2023-04-20 23:53:10.404 [main] INFO  Tokenizator - Начала запуска команды по шаблону listOfNo
2023-04-20 23:53:10.404 [main] INFO  ClientModule - Запрос отправлен
2023-04-20 23:53:10.405 [main] INFO  ServerModule - Получена команда: info
2023-04-20 23:53:10.406 [main] INFO  ServerModule - Отправлен результат
2023-04-20 23:53:10.406 [main] INFO  ClientModule - Получен ответ от сервера
2023-04-20 23:53:20.118 [main] INFO  KoinStarter - Запуск команды: switch
2023-04-20 23:53:20.119 [main] INFO  Tokenizator - Начала запуска команды по шаблону listOfNo
2023-04-20 23:53:20.119 [main] INFO  ClientModule - Запрос отправлен
2023-04-20 23:53:20.119 [main] INFO  ServerModule - Получена команда: switch
2023-04-20 23:53:20.120 [main] INFO  ServerModule - Отправлен результат
2023-04-20 23:53:20.120 [main] INFO  ClientModule - Получен ответ от сервера
2023-04-20 23:53:36.025 [main] INFO  KoinStarter - Запуск команды: help
2023-04-20 23:53:36.025 [main] INFO  Tokenizator - Начала запуска команды по шаблону listOfNo
2023-04-20 23:53:50.965 [main] INFO  KoinStarter - Запуск команды: average_of_distance
2023-04-20 23:53:50.965 [main] INFO  Tokenizator - Начала запуска команды по шаблону listOfNo
2023-04-20 23:53:50.965 [main] INFO  ClientModule - Запрос отправлен
2023-04-20 23:53:50.966 [main] INFO  ServerModule - Получена команда: average_of_distance
2023-04-20 23:53:50.969 [main] INFO  ServerModule - Отправлен результат
2023-04-20 23:53:50.970 [main] INFO  ClientModule - Получен ответ от сервера
2023-04-20 23:54:02.719 [main] INFO  KoinStarter - Запуск команды: remove_by_id
2023-04-20 23:54:02.719 [main] INFO  Tokenizator - Начала запуска команды по шаблону listOfLong
2023-04-20 23:54:02.719 [main] INFO  ClientModule - Запрос отправлен
2023-04-20 23:54:02.720 [main] INFO  ServerModule - Получена команда: remove_by_id
2023-04-20 23:54:02.721 [main] INFO  ServerModule - Отправлен результат
2023-04-20 23:54:02.721 [main] INFO  ClientModule - Получен ответ от сервера
2023-04-20 23:54:04.405 [main] INFO  KoinStarter - Запуск команды: show
2023-04-20 23:54:04.405 [main] INFO  Tokenizator - Начала запуска команды по шаблону listOfNo
2023-04-20 23:54:04.405 [main] INFO  ClientModule - Запрос отправлен
2023-04-20 23:54:04.406 [main] INFO  ServerModule - Получена команда: show
2023-04-20 23:54:04.406 [main] INFO  ServerModule - Отправлен результат
2023-04-20 23:54:04.407 [main] INFO  ClientModule - Получен ответ от сервера
2023-04-20 23:54:13.831 [main] INFO  KoinStarter - Запуск команды: remove_first
2023-04-20 23:54:13.831 [main] INFO  Tokenizator - Начала запуска команды по шаблону listOfNo
2023-04-20 23:54:13.832 [main] INFO  ClientModule - Запрос отправлен
2023-04-20 23:54:13.832 [main] INFO  ServerModule - Получена команда: remove_first
2023-04-20 23:54:13.832 [main] INFO  ServerModule - Отправлен результат
2023-04-20 23:54:13.832 [main] INFO  ClientModule - Получен ответ от сервера
2023-04-20 23:54:15.715 [main] INFO  KoinStarter - Запуск команды: show
2023-04-20 23:54:15.715 [main] INFO  Tokenizator - Начала запуска команды по шаблону listOfNo
2023-04-20 23:54:15.716 [main] INFO  ClientModule - Запрос отправлен
2023-04-20 23:54:15.716 [main] INFO  ServerModule - Получена команда: show
2023-04-20 23:54:15.717 [main] INFO  ServerModule - Отправлен результат
2023-04-20 23:54:15.717 [main] INFO  ClientModule - Получен ответ от сервера
2023-04-20 23:54:29.035 [main] INFO  KoinStarter - Запуск команды: history
2023-04-20 23:54:29.035 [main] INFO  Tokenizator - Начала запуска команды по шаблону listOfNo
2023-04-20 23:54:29.036 [main] INFO  ClientModule - Запрос отправлен
2023-04-20 23:54:29.036 [main] INFO  ServerModule - Получена команда: history
2023-04-20 23:54:29.037 [main] INFO  ServerModule - Отправлен результат
2023-04-20 23:54:29.037 [main] INFO  ClientModule - Получен ответ от сервера
2023-04-20 23:54:46.048 [main] INFO  KoinStarter - Запуск команды: filter_less_than_distance
2023-04-20 23:54:46.048 [main] INFO  Tokenizator - Начала запуска команды по шаблону listOfLong
2023-04-20 23:54:46.048 [main] INFO  ClientModule - Запрос отправлен
2023-04-20 23:54:46.048 [main] INFO  ServerModule - Получена команда: filter_less_than_distance
2023-04-20 23:54:46.049 [main] INFO  ServerModule - Отправлен результат
2023-04-20 23:54:46.049 [main] INFO  ClientModule - Получен ответ от сервера
2023-04-20 23:55:04.285 [main] INFO  KoinStarter - Запуск команды: filter_less_than_distance
2023-04-20 23:55:04.285 [main] INFO  Tokenizator - Начала запуска команды по шаблону listOfLong
2023-04-20 23:55:04.285 [main] INFO  ClientModule - Запрос отправлен
2023-04-20 23:55:04.286 [main] INFO  ServerModule - Получена команда: filter_less_than_distance
2023-04-20 23:55:04.287 [main] INFO  ServerModule - Отправлен результат
2023-04-20 23:55:04.287 [main] INFO  ClientModule - Получен ответ от сервера
2023-04-20 23:55:13.771 [main] INFO  KoinStarter - Запуск команды: filter_less_than_distance
2023-04-20 23:55:13.771 [main] INFO  Tokenizator - Начала запуска команды по шаблону listOfLong
2023-04-20 23:55:13.772 [main] INFO  ClientModule - Запрос отправлен
2023-04-20 23:55:13.772 [main] INFO  ServerModule - Получена команда: filter_less_than_distance
2023-04-20 23:55:13.773 [main] INFO  ServerModule - Отправлен результат
2023-04-20 23:55:13.773 [main] INFO  ClientModule - Получен ответ от сервера
2023-04-20 23:55:16.999 [main] INFO  KoinStarter - Запуск команды: filter_less_than_distance
2023-04-20 23:55:16.999 [main] INFO  Tokenizator - Начала запуска команды по шаблону listOfLong
2023-04-20 23:55:16.999 [main] INFO  ClientModule - Запрос отправлен
2023-04-20 23:55:17.000 [main] INFO  ServerModule - Получена команда: filter_less_than_distance
2023-04-20 23:55:17.000 [main] INFO  ServerModule - Отправлен результат
2023-04-20 23:55:17.000 [main] INFO  ClientModule - Получен ответ от сервера
2023-04-20 23:59:38.792 [main] INFO  KoinStarter - Запуск команды: exit
2023-04-20 23:59:38.792 [main] INFO  Tokenizator - Начала запуска команды по шаблону listOfNo
2023-04-20 23:59:38.792 [main] INFO  ClientModule - Остановка DatagramChannel
2023-04-21 00:00:11.747 [main] INFO  ServerModuleGet - Запуск сервера
2023-04-21 00:00:17.704 [main] INFO  ClientModule - Запуск DatagramChannel
2023-04-21 00:00:17.709 [main] INFO  KoinStarter - Начало программы
2023-04-21 00:00:17.720 [main] INFO  Tokenizator - Начала запуска команды по шаблону listOfNo
2023-04-21 00:00:17.730 [main] INFO  ClientModule - Запрос отправлен
2023-04-21 00:00:17.740 [main] INFO  ServerModule - Получена команда: update_command
2023-04-21 00:00:17.749 [main] INFO  ServerModule - Отправлен результат
2023-04-21 00:00:17.750 [main] INFO  ClientModule - Получен ответ от сервера
2023-04-21 00:00:27.487 [main] INFO  KoinStarter - Запуск команды: show
2023-04-21 00:00:27.487 [main] INFO  Tokenizator - Начала запуска команды по шаблону listOfNo
2023-04-21 00:00:27.487 [main] INFO  ClientModule - Запрос отправлен
2023-04-21 00:00:27.487 [main] INFO  ServerModule - Получена команда: show
2023-04-21 00:00:27.489 [main] INFO  ServerModule - Отправлен результат
2023-04-21 00:00:27.489 [main] INFO  ClientModule - Получен ответ от сервера
2023-04-21 00:00:30.103 [main] INFO  KoinStarter - Запуск команды: load
2023-04-21 00:00:30.103 [main] INFO  Tokenizator - Начала запуска команды по шаблону listOfNo
2023-04-21 00:00:30.103 [main] INFO  ClientModule - Запрос отправлен
2023-04-21 00:00:30.103 [main] INFO  ServerModule - Получена команда: load
2023-04-21 00:00:30.159 [main] INFO  ServerModule - Отправлен результат
2023-04-21 00:00:30.159 [main] INFO  ClientModule - Получен ответ от сервера
2023-04-21 00:00:39.715 [main] INFO  KoinStarter - Запуск команды: filter_less_than_distance
2023-04-21 00:00:39.715 [main] INFO  Tokenizator - Начала запуска команды по шаблону listOfLong
2023-04-21 00:00:39.716 [main] INFO  ClientModule - Запрос отправлен
2023-04-21 00:00:39.717 [main] INFO  ServerModule - Получена команда: filter_less_than_distance
2023-04-21 00:00:39.718 [main] INFO  ServerModule - Отправлен результат
2023-04-21 00:00:39.718 [main] INFO  ClientModule - Получен ответ от сервера
2023-04-21 00:00:49.027 [main] INFO  KoinStarter - Запуск команды: filter_less_than_distance
2023-04-21 00:00:49.027 [main] INFO  Tokenizator - Начала запуска команды по шаблону listOfLong
2023-04-21 00:00:49.028 [main] INFO  ClientModule - Запрос отправлен
2023-04-21 00:00:49.029 [main] INFO  ServerModule - Получена команда: filter_less_than_distance
2023-04-21 00:00:49.029 [main] INFO  ServerModule - Отправлен результат
2023-04-21 00:00:49.029 [main] INFO  ClientModule - Получен ответ от сервера
2023-04-21 00:02:19.135 [main] INFO  KoinStarter - Запуск команды: exit
2023-04-21 00:02:19.135 [main] INFO  Tokenizator - Начала запуска команды по шаблону listOfNo
2023-04-21 00:02:19.135 [main] INFO  ClientModule - Остановка DatagramChannel
2023-04-21 00:05:33.812 [main] INFO  ClientModule - Запуск DatagramChannel
2023-04-21 00:05:33.818 [main] INFO  KoinStarter - Начало программы
2023-04-21 00:05:33.829 [main] INFO  Tokenizator - Начала запуска команды по шаблону listOfNo
2023-04-21 00:05:33.840 [main] INFO  ClientModule - Запрос отправлен
2023-04-21 00:05:33.841 [main] INFO  ServerModule - Получена команда: update_command
2023-04-21 00:05:33.841 [main] INFO  ServerModule - Отправлен результат
2023-04-21 00:05:33.854 [main] INFO  ClientModule - Получен ответ от сервера
2023-04-21 00:05:50.185 [main] INFO  KoinStarter - Запуск команды: filter_less_than_distance
2023-04-21 00:05:50.185 [main] INFO  Tokenizator - Начала запуска команды по шаблону listOfLong
2023-04-21 00:05:50.185 [main] INFO  ClientModule - Запрос отправлен
2023-04-21 00:05:50.186 [main] INFO  ServerModule - Получена команда: filter_less_than_distance
2023-04-21 00:05:50.186 [main] INFO  ServerModule - Отправлен результат
2023-04-21 00:05:50.186 [main] INFO  ClientModule - Получен ответ от сервера
2023-04-21 00:06:10.663 [main] INFO  KoinStarter - Запуск команды: show
2023-04-21 00:06:10.663 [main] INFO  Tokenizator - Начала запуска команды по шаблону listOfNo
2023-04-21 00:06:10.664 [main] INFO  ClientModule - Запрос отправлен
2023-04-21 00:06:10.664 [main] INFO  ServerModule - Получена команда: show
2023-04-21 00:06:10.665 [main] INFO  ServerModule - Отправлен результат
2023-04-21 00:06:10.665 [main] INFO  ClientModule - Получен ответ от сервера
2023-04-21 00:06:12.247 [main] INFO  KoinStarter - Запуск команды: load
2023-04-21 00:06:12.247 [main] INFO  Tokenizator - Начала запуска команды по шаблону listOfNo
2023-04-21 00:06:12.247 [main] INFO  ClientModule - Запрос отправлен
2023-04-21 00:06:12.248 [main] INFO  ServerModule - Получена команда: load
2023-04-21 00:06:12.250 [main] INFO  ServerModule - Отправлен результат
2023-04-21 00:06:12.250 [main] INFO  ClientModule - Получен ответ от сервера
2023-04-21 00:06:25.116 [main] INFO  KoinStarter - Запуск команды: filter_less_than_distance
2023-04-21 00:06:25.117 [main] INFO  Tokenizator - Начала запуска команды по шаблону listOfLong
2023-04-21 00:06:25.117 [main] INFO  ClientModule - Запрос отправлен
2023-04-21 00:06:25.117 [main] INFO  ServerModule - Получена команда: filter_less_than_distance
2023-04-21 00:06:25.118 [main] INFO  ServerModule - Отправлен результат
2023-04-21 00:06:25.118 [main] INFO  ClientModule - Получен ответ от сервера
2023-04-21 00:06:36.805 [main] INFO  KoinStarter - Запуск команды: show
2023-04-21 00:06:36.805 [main] INFO  Tokenizator - Начала запуска команды по шаблону listOfNo
2023-04-21 00:06:36.805 [main] INFO  ClientModule - Запрос отправлен
2023-04-21 00:06:36.806 [main] INFO  ServerModule - Получена команда: show
2023-04-21 00:06:36.806 [main] INFO  ServerModule - Отправлен результат
2023-04-21 00:06:36.807 [main] INFO  ClientModule - Получен ответ от сервера
2023-04-21 00:08:32.257 [main] INFO  KoinStarter - Запуск команды: exit
2023-04-21 00:08:32.257 [main] INFO  Tokenizator - Начала запуска команды по шаблону listOfNo
2023-04-21 00:08:32.258 [main] INFO  ClientModule - Остановка DatagramChannel
2023-04-21 00:10:22.353 [main] INFO  ClientModule - Запуск DatagramChannel
2023-04-21 00:10:22.359 [main] INFO  KoinStarter - Начало программы
2023-04-21 00:10:22.370 [main] INFO  Tokenizator - Начала запуска команды по шаблону listOfNo
2023-04-21 00:10:22.382 [main] INFO  ClientModule - Запрос отправлен
2023-04-21 00:10:22.383 [main] INFO  ServerModule - Получена команда: update_command
2023-04-21 00:10:22.384 [main] INFO  ServerModule - Отправлен результат
2023-04-21 00:10:22.393 [main] INFO  ClientModule - Получен ответ от сервера
2023-04-21 00:10:29.569 [main] INFO  KoinStarter - Запуск команды: load
2023-04-21 00:10:29.570 [main] INFO  Tokenizator - Начала запуска команды по шаблону listOfNo
2023-04-21 00:10:29.570 [main] INFO  ClientModule - Запрос отправлен
2023-04-21 00:10:29.570 [main] INFO  ServerModule - Получена команда: load
2023-04-21 00:10:29.572 [main] INFO  ServerModule - Отправлен результат
2023-04-21 00:10:29.572 [main] INFO  ClientModule - Получен ответ от сервера
2023-04-21 00:10:42.030 [main] INFO  KoinStarter - Запуск команды: filter_less_than_distance
2023-04-21 00:10:42.030 [main] INFO  Tokenizator - Начала запуска команды по шаблону listOfLong
2023-04-21 00:10:42.031 [main] INFO  ClientModule - Запрос отправлен
2023-04-21 00:10:42.031 [main] INFO  ServerModule - Получена команда: filter_less_than_distance
2023-04-21 00:10:42.032 [main] INFO  ServerModule - Отправлен результат
2023-04-21 00:10:42.032 [main] INFO  ClientModule - Получен ответ от сервера
2023-04-21 00:11:23.785 [main] INFO  KoinStarter - Запуск команды: filter_less_than_distance
2023-04-21 00:11:23.785 [main] INFO  Tokenizator - Начала запуска команды по шаблону listOfLong
2023-04-21 00:11:23.785 [main] INFO  ClientModule - Запрос отправлен
2023-04-21 00:11:23.786 [main] INFO  ServerModule - Получена команда: filter_less_than_distance
2023-04-21 00:11:23.787 [main] INFO  ServerModule - Отправлен результат
2023-04-21 00:11:23.787 [main] INFO  ClientModule - Получен ответ от сервера
2023-04-21 00:11:31.327 [main] INFO  KoinStarter - Запуск команды: show
2023-04-21 00:11:31.327 [main] INFO  Tokenizator - Начала запуска команды по шаблону listOfNo
2023-04-21 00:11:31.327 [main] INFO  ClientModule - Запрос отправлен
2023-04-21 00:11:31.328 [main] INFO  ServerModule - Получена команда: show
2023-04-21 00:11:31.329 [main] INFO  ServerModule - Отправлен результат
2023-04-21 00:11:31.329 [main] INFO  ClientModule - Получен ответ от сервера
2023-04-21 00:14:13.237 [main] INFO  KoinStarter - Запуск команды: exit
2023-04-21 00:14:13.237 [main] INFO  Tokenizator - Начала запуска команды по шаблону listOfNo
2023-04-21 00:14:13.237 [main] INFO  ClientModule - Остановка DatagramChannel
2023-04-21 00:15:05.925 [main] INFO  ServerModuleGet - Запуск сервера
2023-04-21 00:15:10.049 [main] INFO  ClientModule - Запуск DatagramChannel
2023-04-21 00:15:10.054 [main] INFO  KoinStarter - Начало программы
2023-04-21 00:15:10.063 [main] INFO  Tokenizator - Начала запуска команды по шаблону listOfNo
2023-04-21 00:15:10.071 [main] INFO  ClientModule - Запрос отправлен
2023-04-21 00:15:10.083 [main] INFO  ServerModule - Получена команда: update_command
2023-04-21 00:15:10.093 [main] INFO  ServerModule - Отправлен результат
2023-04-21 00:15:10.093 [main] INFO  ClientModule - Получен ответ от сервера
2023-04-21 00:15:12.985 [main] INFO  KoinStarter - Запуск команды: show
2023-04-21 00:15:12.985 [main] INFO  Tokenizator - Начала запуска команды по шаблону listOfNo
2023-04-21 00:15:12.985 [main] INFO  ClientModule - Запрос отправлен
2023-04-21 00:15:12.986 [main] INFO  ServerModule - Получена команда: show
2023-04-21 00:15:12.987 [main] INFO  ServerModule - Отправлен результат
2023-04-21 00:15:12.987 [main] INFO  ClientModule - Получен ответ от сервера
2023-04-21 00:15:22.356 [main] INFO  KoinStarter - Запуск команды: add
2023-04-21 00:15:22.357 [main] INFO  Tokenizator - Начала запуска команды по шаблону listOfObject
2023-04-21 00:15:28.028 [main] INFO  ClientModule - Запрос отправлен
2023-04-21 00:15:28.029 [main] INFO  ServerModule - Получена команда: add
2023-04-21 00:15:28.033 [main] INFO  ServerModule - Отправлен результат
2023-04-21 00:15:28.033 [main] INFO  ClientModule - Получен ответ от сервера
2023-04-21 00:15:30.534 [main] INFO  KoinStarter - Запуск команды: add
2023-04-21 00:15:30.535 [main] INFO  Tokenizator - Начала запуска команды по шаблону listOfObject
2023-04-21 00:15:38.353 [main] INFO  ClientModule - Запрос отправлен
2023-04-21 00:15:38.353 [main] INFO  ServerModule - Получена команда: add
2023-04-21 00:15:38.354 [main] INFO  ServerModule - Отправлен результат
2023-04-21 00:15:38.354 [main] INFO  ClientModule - Получен ответ от сервера
2023-04-21 00:15:54.667 [main] INFO  KoinStarter - Запуск команды: filter_less_than_distance
2023-04-21 00:15:54.667 [main] INFO  Tokenizator - Начала запуска команды по шаблону listOfLong
2023-04-21 00:15:54.668 [main] INFO  ClientModule - Запрос отправлен
2023-04-21 00:15:54.668 [main] INFO  ServerModule - Получена команда: filter_less_than_distance
2023-04-21 00:15:54.669 [main] INFO  ServerModule - Отправлен результат
2023-04-21 00:15:54.669 [main] INFO  ClientModule - Получен ответ от сервера
2023-04-21 00:16:05.634 [main] INFO  KoinStarter - Запуск команды: filter_less_than_distance
2023-04-21 00:16:05.635 [main] INFO  Tokenizator - Начала запуска команды по шаблону listOfLong
2023-04-21 00:16:05.635 [main] INFO  ClientModule - Запрос отправлен
2023-04-21 00:16:05.635 [main] INFO  ServerModule - Получена команда: filter_less_than_distance
2023-04-21 00:16:05.636 [main] INFO  ServerModule - Отправлен результат
2023-04-21 00:16:05.636 [main] INFO  ClientModule - Получен ответ от сервера
2023-04-21 00:18:16.453 [main] INFO  KoinStarter - Запуск команды: load
2023-04-21 00:18:16.453 [main] INFO  Tokenizator - Начала запуска команды по шаблону listOfNo
2023-04-21 00:18:16.454 [main] INFO  ClientModule - Запрос отправлен
2023-04-21 00:18:16.455 [main] INFO  ServerModule - Получена команда: load
2023-04-21 00:18:16.510 [main] INFO  ServerModule - Отправлен результат
2023-04-21 00:18:16.510 [main] INFO  ClientModule - Получен ответ от сервера
2023-04-21 00:18:23.107 [main] INFO  KoinStarter - Запуск команды: show
2023-04-21 00:18:23.107 [main] INFO  Tokenizator - Начала запуска команды по шаблону listOfNo
2023-04-21 00:18:23.107 [main] INFO  ClientModule - Запрос отправлен
2023-04-21 00:18:23.107 [main] INFO  ServerModule - Получена команда: show
2023-04-21 00:18:23.108 [main] INFO  ServerModule - Отправлен результат
2023-04-21 00:18:23.109 [main] INFO  ClientModule - Получен ответ от сервера
2023-04-21 00:18:30.024 [main] INFO  KoinStarter - Запуск команды: filter_less_than_distance
2023-04-21 00:18:30.025 [main] INFO  Tokenizator - Начала запуска команды по шаблону listOfLong
2023-04-21 00:18:30.025 [main] INFO  ClientModule - Запрос отправлен
2023-04-21 00:18:30.025 [main] INFO  ServerModule - Получена команда: filter_less_than_distance
2023-04-21 00:18:30.026 [main] INFO  ServerModule - Отправлен результат
2023-04-21 00:18:30.026 [main] INFO  ClientModule - Получен ответ от сервера
2023-04-21 00:18:44.112 [main] INFO  KoinStarter - Запуск команды: show
2023-04-21 00:18:44.113 [main] INFO  Tokenizator - Начала запуска команды по шаблону listOfNo
2023-04-21 00:18:44.113 [main] INFO  ClientModule - Запрос отправлен
2023-04-21 00:18:44.113 [main] INFO  ServerModule - Получена команда: show
2023-04-21 00:18:44.114 [main] INFO  ServerModule - Отправлен результат
2023-04-21 00:18:44.114 [main] INFO  ClientModule - Получен ответ от сервера
2023-04-21 00:18:54.751 [main] INFO  KoinStarter - Запуск команды: filter_less_than_distance
2023-04-21 00:18:54.751 [main] INFO  Tokenizator - Начала запуска команды по шаблону listOfLong
2023-04-21 00:18:54.752 [main] INFO  ClientModule - Запрос отправлен
2023-04-21 00:18:54.752 [main] INFO  ServerModule - Получена команда: filter_less_than_distance
2023-04-21 00:18:54.753 [main] INFO  ServerModule - Отправлен результат
2023-04-21 00:18:54.753 [main] INFO  ClientModule - Получен ответ от сервера
2023-04-21 00:19:07.729 [main] INFO  KoinStarter - Запуск команды: filter_less_than_distance
2023-04-21 00:19:07.729 [main] INFO  Tokenizator - Начала запуска команды по шаблону listOfLong
2023-04-21 00:19:07.729 [main] INFO  ClientModule - Запрос отправлен
2023-04-21 00:19:07.730 [main] INFO  ServerModule - Получена команда: filter_less_than_distance
2023-04-21 00:19:07.730 [main] INFO  ServerModule - Отправлен результат
2023-04-21 00:19:07.731 [main] INFO  ClientModule - Получен ответ от сервера
2023-04-21 00:19:10.759 [main] INFO  KoinStarter - Запуск команды: filter_less_than_distance
2023-04-21 00:19:10.759 [main] INFO  Tokenizator - Начала запуска команды по шаблону listOfLong
2023-04-21 00:19:10.760 [main] INFO  ClientModule - Запрос отправлен
2023-04-21 00:19:10.760 [main] INFO  ServerModule - Получена команда: filter_less_than_distance
2023-04-21 00:19:10.761 [main] INFO  ServerModule - Отправлен результат
2023-04-21 00:19:10.761 [main] INFO  ClientModule - Получен ответ от сервера
2023-04-21 00:19:15.193 [main] INFO  KoinStarter - Запуск команды: filter_less_than_distance
2023-04-21 00:19:15.193 [main] INFO  Tokenizator - Начала запуска команды по шаблону listOfLong
2023-04-21 00:19:15.194 [main] INFO  ClientModule - Запрос отправлен
2023-04-21 00:19:15.194 [main] INFO  ServerModule - Получена команда: filter_less_than_distance
2023-04-21 00:19:15.195 [main] INFO  ServerModule - Отправлен результат
2023-04-21 00:19:15.195 [main] INFO  ClientModule - Получен ответ от сервера
2023-04-21 00:19:19.051 [main] INFO  KoinStarter - Запуск команды: show
2023-04-21 00:19:19.051 [main] INFO  Tokenizator - Начала запуска команды по шаблону listOfNo
2023-04-21 00:19:19.052 [main] INFO  ClientModule - Запрос отправлен
2023-04-21 00:19:19.052 [main] INFO  ServerModule - Получена команда: show
2023-04-21 00:19:19.053 [main] INFO  ServerModule - Отправлен результат
2023-04-21 00:19:19.053 [main] INFO  ClientModule - Получен ответ от сервера
2023-04-21 00:21:26.809 [main] INFO  KoinStarter - Запуск команды: exit
2023-04-21 00:21:26.809 [main] INFO  Tokenizator - Начала запуска команды по шаблону listOfNo
2023-04-21 00:21:26.809 [main] INFO  ClientModule - Остановка DatagramChannel
2023-04-21 12:38:27.976 [main] INFO  ServerModuleGet - Запуск сервера
2023-04-21 12:38:37.851 [main] INFO  ClientModule - Запуск DatagramChannel
2023-04-21 12:38:37.856 [main] INFO  KoinStarter - Начало программы
2023-04-21 12:38:37.878 [main] INFO  Tokenizator - Начала запуска команды по шаблону listOfNo
2023-04-21 12:38:37.888 [main] INFO  ClientModule - Запрос отправлен
2023-04-21 12:38:37.899 [main] INFO  ServerModule - Получена команда: update_command
2023-04-21 12:38:37.909 [main] INFO  ServerModule - Отправлен результат
2023-04-21 12:38:37.910 [main] INFO  ClientModule - Получен ответ от сервера
2023-04-21 12:38:40.213 [main] INFO  KoinStarter - Запуск команды: show
2023-04-21 12:38:40.213 [main] INFO  Tokenizator - Начала запуска команды по шаблону listOfNo
2023-04-21 12:38:40.213 [main] INFO  ClientModule - Запрос отправлен
2023-04-21 12:38:40.213 [main] INFO  ServerModule - Получена команда: show
2023-04-21 12:38:40.214 [main] INFO  ServerModule - Отправлен результат
2023-04-21 12:38:40.215 [main] INFO  ClientModule - Получен ответ от сервера
2023-04-21 12:38:42.258 [main] INFO  KoinStarter - Запуск команды: load
2023-04-21 12:38:42.258 [main] INFO  Tokenizator - Начала запуска команды по шаблону listOfNo
2023-04-21 12:38:42.258 [main] INFO  ClientModule - Запрос отправлен
2023-04-21 12:38:42.258 [main] INFO  ServerModule - Получена команда: load
2023-04-21 12:38:42.311 [main] INFO  ServerModule - Отправлен результат
2023-04-21 12:38:42.311 [main] INFO  ClientModule - Получен ответ от сервера
2023-04-21 12:38:44.598 [main] INFO  KoinStarter - Запуск команды: show
2023-04-21 12:38:44.598 [main] INFO  Tokenizator - Начала запуска команды по шаблону listOfNo
2023-04-21 12:38:44.598 [main] INFO  ClientModule - Запрос отправлен
2023-04-21 12:38:44.599 [main] INFO  ServerModule - Получена команда: show
2023-04-21 12:38:44.600 [main] INFO  ServerModule - Отправлен результат
2023-04-21 12:38:44.600 [main] INFO  ClientModule - Получен ответ от сервера
2023-04-21 12:38:47.347 [main] INFO  KoinStarter - Запуск команды: save
2023-04-21 12:38:47.347 [main] INFO  Tokenizator - Начала запуска команды по шаблону listOfNo
2023-04-21 12:38:47.347 [main] INFO  ClientModule - Запрос отправлен
2023-04-21 12:38:47.347 [main] INFO  ServerModule - Получена команда: save
2023-04-21 12:38:47.359 [main] INFO  ServerModule - Отправлен результат
2023-04-21 12:38:47.360 [main] INFO  ClientModule - Получен ответ от сервера
2023-04-21 12:38:50.574 [main] INFO  KoinStarter - Запуск команды: exit
2023-04-21 12:38:50.574 [main] INFO  Tokenizator - Начала запуска команды по шаблону listOfNo
2023-04-21 12:38:50.574 [main] INFO  ClientModule - Остановка DatagramChannel
2023-04-21 12:49:04.050 [main] INFO  ServerModuleGet - Запуск сервера
2023-04-21 12:49:11.498 [main] INFO  ClientModule - Запуск DatagramChannel
2023-04-21 12:49:11.502 [main] INFO  KoinStarter - Начало программы
2023-04-21 12:49:11.514 [main] INFO  Tokenizator - Начала запуска команды по шаблону listOfNo
2023-04-21 12:49:11.524 [main] INFO  ClientModule - Запрос отправлен
2023-04-21 12:49:11.536 [main] INFO  ServerModule - Получена команда: update_command
2023-04-21 12:49:11.548 [main] INFO  ServerModule - Отправлен результат
2023-04-21 12:49:11.548 [main] INFO  ClientModule - Получен ответ от сервера
2023-04-21 12:49:20.754 [main] INFO  KoinStarter - Запуск команды: show
2023-04-21 12:49:20.754 [main] INFO  Tokenizator - Начала запуска команды по шаблону listOfNo
2023-04-21 12:49:20.754 [main] INFO  ClientModule - Запрос отправлен
2023-04-21 12:49:20.755 [main] INFO  ServerModule - Получена команда: show
2023-04-21 12:49:20.756 [main] INFO  ServerModule - Отправлен результат
2023-04-21 12:49:20.756 [main] INFO  ClientModule - Получен ответ от сервера
2023-04-21 12:49:22.254 [main] INFO  KoinStarter - Запуск команды: load
2023-04-21 12:49:22.254 [main] INFO  Tokenizator - Начала запуска команды по шаблону listOfNo
2023-04-21 12:49:22.254 [main] INFO  ClientModule - Запрос отправлен
2023-04-21 12:49:22.254 [main] INFO  ServerModule - Получена команда: load
2023-04-21 12:49:25.268 [main] INFO  ClientModule - Ответ от сервера не получен
2023-04-21 12:49:27.732 [main] INFO  KoinStarter - Запуск команды: show
2023-04-21 12:49:27.732 [main] INFO  Tokenizator - Начала запуска команды по шаблону listOfNo
2023-04-21 12:49:27.732 [main] INFO  ClientModule - Запрос отправлен
2023-04-21 12:49:30.737 [main] INFO  ClientModule - Ответ от сервера не получен
2023-04-21 12:49:38.695 [main] INFO  ClientModule - Запуск DatagramChannel
2023-04-21 12:49:38.699 [main] INFO  KoinStarter - Начало программы
2023-04-21 12:49:38.709 [main] INFO  Tokenizator - Начала запуска команды по шаблону listOfNo
2023-04-21 12:49:38.718 [main] INFO  ClientModule - Запрос отправлен
2023-04-21 12:49:41.730 [main] INFO  ClientModule - Ответ от сервера не получен
2023-04-21 12:49:43.501 [main] INFO  KoinStarter - Запуск команды: show
2023-04-21 12:49:43.501 [main] INFO  Tokenizator - Начала запуска команды по шаблону listOfNo
2023-04-21 12:49:43.501 [main] INFO  ClientModule - Запрос отправлен
2023-04-21 12:49:46.510 [main] INFO  ClientModule - Ответ от сервера не получен
2023-04-21 12:50:25.830 [main] INFO  ServerModuleGet - Запуск сервера
2023-04-21 12:50:37.588 [main] INFO  ClientModule - Запуск DatagramChannel
2023-04-21 12:50:37.594 [main] INFO  KoinStarter - Начало программы
2023-04-21 12:50:37.605 [main] INFO  Tokenizator - Начала запуска команды по шаблону listOfNo
2023-04-21 12:50:37.616 [main] INFO  ClientModule - Запрос отправлен
2023-04-21 12:50:37.629 [main] INFO  ServerModule - Получена команда: update_command
2023-04-21 12:50:37.643 [main] INFO  ServerModule - Отправлен результат
2023-04-21 12:50:37.644 [main] INFO  ClientModule - Получен ответ от сервера
2023-04-21 12:50:39.300 [main] INFO  KoinStarter - Запуск команды: show
2023-04-21 12:50:39.300 [main] INFO  Tokenizator - Начала запуска команды по шаблону listOfNo
2023-04-21 12:50:39.300 [main] INFO  ClientModule - Запрос отправлен
2023-04-21 12:50:39.301 [main] INFO  ServerModule - Получена команда: show
2023-04-21 12:50:39.302 [main] INFO  ServerModule - Отправлен результат
2023-04-21 12:50:39.302 [main] INFO  ClientModule - Получен ответ от сервера
2023-04-21 12:50:41.424 [main] INFO  KoinStarter - Запуск команды: add
2023-04-21 12:50:41.424 [main] INFO  Tokenizator - Начала запуска команды по шаблону listOfObject
2023-04-21 12:50:45.330 [main] INFO  ClientModule - Запрос отправлен
2023-04-21 12:50:45.331 [main] INFO  ServerModule - Получена команда: add
2023-04-21 12:50:45.334 [main] INFO  ServerModule - Отправлен результат
2023-04-21 12:50:45.335 [main] INFO  ClientModule - Получен ответ от сервера
2023-04-21 12:50:48.078 [main] INFO  KoinStarter - Запуск команды: show
2023-04-21 12:50:48.078 [main] INFO  Tokenizator - Начала запуска команды по шаблону listOfNo
2023-04-21 12:50:48.078 [main] INFO  ClientModule - Запрос отправлен
2023-04-21 12:50:48.079 [main] INFO  ServerModule - Получена команда: show
2023-04-21 12:50:48.079 [main] INFO  ServerModule - Отправлен результат
2023-04-21 12:50:48.080 [main] INFO  ClientModule - Получен ответ от сервера
2023-04-21 12:50:50.273 [main] INFO  KoinStarter - Запуск команды: save
2023-04-21 12:50:50.274 [main] INFO  Tokenizator - Начала запуска команды по шаблону listOfNo
2023-04-21 12:50:50.274 [main] INFO  ClientModule - Запрос отправлен
2023-04-21 12:50:50.274 [main] INFO  ServerModule - Получена команда: save
2023-04-21 12:50:50.330 [main] INFO  ServerModule - Отправлен результат
2023-04-21 12:50:50.330 [main] INFO  ClientModule - Получен ответ от сервера
2023-04-21 12:50:52.199 [main] INFO  KoinStarter - Запуск команды: exit
2023-04-21 12:50:52.200 [main] INFO  Tokenizator - Начала запуска команды по шаблону listOfNo
2023-04-21 12:50:52.200 [main] INFO  ClientModule - Остановка DatagramChannel
2023-04-21 13:33:13.630 [main] INFO  ServerModuleGet - Запуск сервера
